<?xml version="1.0" encoding="utf-8" standalone="no"?>
<!--This file represents the results of running a test suite-->
<test-results name="C:\dz\Source\Oglasi\tests\SA196.Tests\bin\Debug\SA196.Tests.dll" total="8" errors="0" failures="0" not-run="0" inconclusive="0" ignored="0" skipped="0" invalid="0" date="2011-03-22" time="16:15:24">
  <environment nunit-version="2.5.9.10348" clr-version="2.0.50727.3615" os-version="Microsoft Windows NT 5.1.2600 Service Pack 3" platform="Win32NT" cwd="C:\dz\Source\Oglasi\tests\SA196.Tests\bin\Debug" machine-name="ANDROSXP" user="XPMUser" user-domain="ANDROSXP" />
  <culture-info current-culture="en-US" current-uiculture="en-US" />
  <test-suite type="Assembly" name="C:\dz\Source\Oglasi\tests\SA196.Tests\bin\Debug\SA196.Tests.dll" executed="True" result="Success" success="True" time="8.222" asserts="0">
    <results>
      <test-suite type="Namespace" name="Tests" executed="True" result="Success" success="True" time="8.222" asserts="0">
        <results>
          <test-suite type="Namespace" name="SA196" executed="True" result="Success" success="True" time="8.222" asserts="0">
            <results>
              <test-suite type="Namespace" name="Controllers" executed="True" result="Success" success="True" time="1.072" asserts="0">
                <results>
                  <test-suite type="TestFixture" name="RouteRegistrarTests" executed="True" result="Success" success="True" time="1.072" asserts="0">
                    <results>
                      <test-case name="Tests.SA196.Controllers.RouteRegistrarTests.CanVerifyRouteMaps" executed="True" result="Success" success="True" time="1.052" asserts="0" />
                    </results>
                  </test-suite>
                </results>
              </test-suite>
              <test-suite type="Namespace" name="Core" executed="True" result="Success" success="True" time="0.290" asserts="0">
                <results>
                  <test-suite type="TestFixture" name="StaffMemberTests" executed="True" result="Success" success="True" time="0.290" asserts="0">
                    <results>
                      <test-case name="Tests.SA196.Core.StaffMemberTests.CanCompareStaffMembers" executed="True" result="Success" success="True" time="0.290" asserts="1" />
                      <test-case name="Tests.SA196.Core.StaffMemberTests.CanCreateStaffMember" executed="True" result="Success" success="True" time="0.000" asserts="3" />
                      <test-case name="Tests.SA196.Core.StaffMemberTests.CannotCreateStaffMemberWithInvalidEmployeeId" executed="True" result="Success" success="True" time="0.000" asserts="0" />
                    </results>
                  </test-suite>
                </results>
              </test-suite>
              <test-suite type="Namespace" name="Data" executed="True" result="Success" success="True" time="6.760" asserts="0">
                <results>
                  <test-suite type="Namespace" name="NHibernateMaps" executed="True" result="Success" success="True" time="5.238" asserts="0">
                    <results>
                      <test-suite type="TestFixture" name="MappingIntegrationTests" executed="True" result="Success" success="True" time="5.238" asserts="0">
                        <categories>
                          <category name="DB Tests" />
                        </categories>
                        <results>
                          <test-case name="Tests.SA196.Data.NHibernateMaps.MappingIntegrationTests.CanConfirmDatabaseMatchesMappings" executed="True" result="Success" success="True" time="5.177" asserts="0" />
                          <test-case name="Tests.SA196.Data.NHibernateMaps.MappingIntegrationTests.CanGenerateDatabaseSchema" executed="True" result="Success" success="True" time="0.040" asserts="0" />
                        </results>
                      </test-suite>
                    </results>
                  </test-suite>
                  <test-suite type="TestFixture" name="StaffMemberRepositoryTests" executed="True" result="Success" success="True" time="1.522" asserts="0">
                    <categories>
                      <category name="DB Tests" />
                    </categories>
                    <results>
                      <test-case name="Tests.SA196.Data.StaffMemberRepositoryTests.CanLoadStaffMembersMatchingFilter" executed="True" result="Success" success="True" time="1.512" asserts="1" />
                    </results>
                  </test-suite>
                </results>
              </test-suite>
              <test-suite type="Namespace" name="Web" executed="True" result="Success" success="True" time="0.100" asserts="0">
                <results>
                  <test-suite type="Namespace" name="Controllers" executed="True" result="Success" success="True" time="0.100" asserts="0">
                    <results>
                      <test-suite type="TestFixture" name="StaffMembersControllerTests" executed="True" result="Success" success="True" time="0.100" asserts="0">
                        <results>
                          <test-case name="Tests.SA196.Web.Controllers.StaffMembersControllerTests.CanListFilteredStaffMembers" executed="True" result="Success" success="True" time="0.100" asserts="3" />
                        </results>
                      </test-suite>
                    </results>
                  </test-suite>
                </results>
              </test-suite>
            </results>
          </test-suite>
        </results>
      </test-suite>
    </results>
  </test-suite>
</test-results>